<?xml version="1.0" encoding="UTF-8" ?>
<testsuite failures="0" time="1.145" errors="0" skipped="0" tests="3" name="com.pivotal.hadoop.PostalCodesPaidAmountTaxTest">
  <properties>
[...]
</properties>
  <testcase time="0.67" classname="com.pivotal.hadoop.PostalCodesPaidAmountTaxTest" name="testMapper"/>
  <testcase time="0.174" classname="com.pivotal.hadoop.PostalCodesPaidAmountTaxTest" name="testReducer"/>
  <testcase time="0.205" classname="com.pivotal.hadoop.PostalCodesPaidAmountTaxTest" name="testMapReduce"/>
</testsuite>